[2023-07-28 16:33:51,364] 187 werkzeug - [31m[1mWARNING: This is a development server. Do not use it in a production deployment. Use a production WSGI server instead.[0m
 * Running on all addresses (0.0.0.0)
 * Running on http://127.0.0.1:5000
 * Running on http://192.168.29.208:5000
[2023-07-28 16:33:51,364] 187 werkzeug - [33mPress CTRL+C to quit[0m
[2023-07-28 16:33:51,366] 187 werkzeug -  * Restarting with stat
[2023-07-28 16:38:30,861] 187 werkzeug -  * Restarting with stat
[2023-07-28 16:40:20,986] 187 werkzeug -  * Restarting with stat
[2023-07-28 16:40:50,369] 187 werkzeug -  * Restarting with stat
[2023-07-28 16:40:51,534] 187 werkzeug -  * Restarting with stat
[2023-07-28 16:40:54,681] 187 werkzeug -  * Restarting with stat
[2023-07-28 16:41:30,117] 187 werkzeug -  * Restarting with stat
[2023-07-28 16:41:31,247] 187 werkzeug -  * Restarting with stat
[2023-07-28 16:41:35,407] 187 werkzeug -  * Restarting with stat
[2023-07-28 16:41:38,558] 187 werkzeug -  * Restarting with stat
[2023-07-28 16:41:40,703] 187 werkzeug -  * Restarting with stat
[2023-07-28 16:41:42,844] 187 werkzeug -  * Restarting with stat
[2023-07-28 16:41:47,008] 187 werkzeug -  * Restarting with stat
[2023-07-28 16:41:49,149] 187 werkzeug -  * Restarting with stat
[2023-07-28 16:42:07,421] 187 werkzeug -  * Restarting with stat
[2023-07-28 16:42:17,620] 187 werkzeug -  * Restarting with stat
[2023-07-28 16:43:55,661] 187 werkzeug -  * Restarting with stat
[2023-07-28 16:43:57,841] 187 werkzeug -  * Restarting with stat
[2023-07-28 16:44:01,994] 187 werkzeug -  * Restarting with stat
[2023-07-28 16:44:20,273] 187 werkzeug -  * Restarting with stat
